<?xml version="1.0" encoding="UTF-8" ?>
<testsuite failures="0" time="0.029" errors="0" skipped="0" tests="1" name="TestDistanceConverter">
  <properties>
    <property name="java.runtime.name" value="Java(TM) SE Runtime Environment"/>
    <property name="sun.boot.library.path" value="D:\Program Files (x86)\Java\jdk1.7.0_15\jre\bin"/>
    <property name="java.vm.version" value="23.7-b01"/>
    <property name="java.vm.vendor" value="Oracle Corporation"/>
    <property name="java.vendor.url" value="http://java.oracle.com/"/>
    <property name="path.separator" value=";"/>
    <property name="java.vm.name" value="Java HotSpot(TM) Client VM"/>
    <property name="file.encoding.pkg" value="sun.io"/>
    <property name="user.script" value=""/>
    <property name="user.country" value="CN"/>
    <property name="sun.java.launcher" value="SUN_STANDARD"/>
    <property name="sun.os.patch.level" value=""/>
    <property name="java.vm.specification.name" value="Java Virtual Machine Specification"/>
    <property name="user.dir" value="F:\download\xunlei\DistanceConverter\DistanceConverter"/>
    <property name="java.runtime.version" value="1.7.0_15-b03"/>
    <property name="java.awt.graphicsenv" value="sun.awt.Win32GraphicsEnvironment"/>
    <property name="basedir" value="F:\download\xunlei\DistanceConverter\DistanceConverter"/>
    <property name="java.endorsed.dirs" value="D:\Program Files (x86)\Java\jdk1.7.0_15\jre\lib\endorsed"/>
    <property name="os.arch" value="x86"/>
    <property name="surefire.real.class.path" value="C:\Users\ADMINI~1\AppData\Local\Temp\surefirebooter1799807878758946120.jar;C:\Users\ADMINI~1\AppData\Local\Temp\jacocoagent2062353264807875666.jar"/>
    <property name="java.io.tmpdir" value="C:\Users\ADMINI~1\AppData\Local\Temp\"/>
    <property name="line.separator" value="
"/>
    <property name="java.vm.specification.vendor" value="Oracle Corporation"/>
    <property name="user.variant" value=""/>
    <property name="os.name" value="Windows 8"/>
    <property name="sun.jnu.encoding" value="GBK"/>
    <property name="java.library.path" value="D:\Program Files (x86)\Java\jdk1.7.0_15\jre\bin;C:\WINDOWS\Sun\Java\bin;C:\WINDOWS\system32;C:\WINDOWS;C:\WINDOWS\system32;C:\WINDOWS;C:\WINDOWS\System32\Wbem;C:\WINDOWS\System32\WindowsPowerShell\v1.0\;D:\Program Files\TortoiseGit\bin;.;D:\Program Files (x86)\Java\jdk1.7.0_15/bin;F:\developer\tools\download\sonar\apache-maven-2.2.1-bin\apache-maven-2.2.1/bin;."/>
    <property name="surefire.test.class.path" value="F:\download\xunlei\DistanceConverter\DistanceConverter\target\test-classes;F:\download\xunlei\DistanceConverter\DistanceConverter\target\classes;C:\Users\Administrator\.m2\repository\junit\junit\4.4\junit-4.4.jar;"/>
    <property name="java.specification.name" value="Java Platform API Specification"/>
    <property name="java.class.version" value="51.0"/>
    <property name="sun.management.compiler" value="HotSpot Client Compiler"/>
    <property name="os.version" value="6.2"/>
    <property name="user.home" value="C:\Users\Administrator"/>
    <property name="user.timezone" value=""/>
    <property name="java.awt.printerjob" value="sun.awt.windows.WPrinterJob"/>
    <property name="java.specification.version" value="1.7"/>
    <property name="file.encoding" value="GBK"/>
    <property name="user.name" value="Administrator"/>
    <property name="java.class.path" value="F:\download\xunlei\DistanceConverter\DistanceConverter\target\test-classes;F:\download\xunlei\DistanceConverter\DistanceConverter\target\classes;C:\Users\Administrator\.m2\repository\junit\junit\4.4\junit-4.4.jar;"/>
    <property name="java.vm.specification.version" value="1.7"/>
    <property name="sun.arch.data.model" value="32"/>
    <property name="java.home" value="D:\Program Files (x86)\Java\jdk1.7.0_15\jre"/>
    <property name="sun.java.command" value="C:\Users\ADMINI~1\AppData\Local\Temp\surefirebooter1799807878758946120.jar C:\Users\ADMINI~1\AppData\Local\Temp\surefire1254051699321556094tmp C:\Users\ADMINI~1\AppData\Local\Temp\surefire2614150836463079151tmp"/>
    <property name="java.specification.vendor" value="Oracle Corporation"/>
    <property name="user.language" value="zh"/>
    <property name="awt.toolkit" value="sun.awt.windows.WToolkit"/>
    <property name="java.vm.info" value="mixed mode, sharing"/>
    <property name="java.version" value="1.7.0_15"/>
    <property name="java.ext.dirs" value="D:\Program Files (x86)\Java\jdk1.7.0_15\jre\lib\ext;C:\WINDOWS\Sun\Java\lib\ext"/>
    <property name="sun.boot.class.path" value="D:\Program Files (x86)\Java\jdk1.7.0_15\jre\lib\resources.jar;D:\Program Files (x86)\Java\jdk1.7.0_15\jre\lib\rt.jar;D:\Program Files (x86)\Java\jdk1.7.0_15\jre\lib\sunrsasign.jar;D:\Program Files (x86)\Java\jdk1.7.0_15\jre\lib\jsse.jar;D:\Program Files (x86)\Java\jdk1.7.0_15\jre\lib\jce.jar;D:\Program Files (x86)\Java\jdk1.7.0_15\jre\lib\charsets.jar;D:\Program Files (x86)\Java\jdk1.7.0_15\jre\lib\jfr.jar;D:\Program Files (x86)\Java\jdk1.7.0_15\jre\classes"/>
    <property name="java.vendor" value="Oracle Corporation"/>
    <property name="localRepository" value="C:\Users\Administrator\.m2\repository"/>
    <property name="file.separator" value="\"/>
    <property name="java.vendor.url.bug" value="http://bugreport.sun.com/bugreport/"/>
    <property name="sun.cpu.endian" value="little"/>
    <property name="sun.io.unicode.encoding" value="UnicodeLittle"/>
    <property name="sun.desktop" value="windows"/>
    <property name="sun.cpu.isalist" value="pentium_pro+mmx pentium_pro pentium+mmx pentium i486 i386 i86"/>
  </properties>
  <testcase time="0.008" classname="TestDistanceConverter" name="testConvertToKm"/>
</testsuite>